<?xml version="1.0" encoding="UTF-8"?>
<testsuite name="com.vogella.junit5.CalculatorTest" tests="6" skipped="0" failures="0" errors="0" timestamp="2022-09-24T06:42:05" hostname="bhospc-HP" time="0.048">
  <properties/>
  <testcase name="Simple multiplication should work" classname="com.vogella.junit5.CalculatorTest" time="0.021"/>
  <testcase name="repetition 1 of 5" classname="com.vogella.junit5.CalculatorTest" time="0.002"/>
  <testcase name="repetition 2 of 5" classname="com.vogella.junit5.CalculatorTest" time="0.001"/>
  <testcase name="repetition 3 of 5" classname="com.vogella.junit5.CalculatorTest" time="0.001"/>
  <testcase name="repetition 4 of 5" classname="com.vogella.junit5.CalculatorTest" time="0.001"/>
  <testcase name="repetition 5 of 5" classname="com.vogella.junit5.CalculatorTest" time="0.001"/>
  <system-out><![CDATA[]]></system-out>
  <system-err><![CDATA[]]></system-err>
</testsuite>
